Processing SRR29492859...
Read 1105993 spots for SRR29492859
Written 1105993 spots for SRR29492859
Read 1105993 spots for SRR29492859
Read 1105993 spots for SRR29492859
Written 1105993 spots for SRR29492859
Written 1105993 spots for SRR29492859
Read 1105993 spots for SRR29492859
Written 1105993 spots for SRR29492859
Read 1105993 spots for SRR29492859
Written 1105993 spots for SRR29492859
Read 1105993 spots for SRR29492859
Written 1105993 spots for SRR29492859
Read 1105993 spots for SRR29492859
Written 1105993 spots for SRR29492859
Read 1105993 spots for SRR29492859
Written 1105993 spots for SRR29492859
Read 1105993 spots for SRR29492859
Written 1105993 spots for SRR29492859
Read 1105993 spots for SRR29492859
Written 1105993 spots for SRR29492859
Read 1105993 spots for SRR29492859
Written 1105993 spots for SRR29492859
Read 1105993 spots for SRR29492859
Written 1105993 spots for SRR29492859
Read 1105993 spots for SRR29492859
Written 1105993 spots for SRR29492859
Read 1105993 spots for SRR29492859
Written 1105993 spots for SRR29492859
Read 1105993 spots for SRR29492859
Written 1105993 spots for SRR29492859
Read 1105993 spots for SRR29492859
Written 1105993 spots for SRR29492859
Read 1105993 spots for SRR29492859
Written 1105993 spots for SRR29492859
Read 1105993 spots for SRR29492859
Written 1105993 spots for SRR29492859
Read 1105993 spots for SRR29492859
Written 1105993 spots for SRR29492859
Read 1105993 spots for SRR29492859
Written 1105993 spots for SRR29492859
Read 1105993 spots for SRR29492859
Written 1105993 spots for SRR29492859
Read 1105993 spots for SRR29492859
Written 1105993 spots for SRR29492859
Read 1105993 spots for SRR29492859
Written 1105993 spots for SRR29492859
Read 1105993 spots for SRR29492859
Written 1105993 spots for SRR29492859
Read 1105993 spots for SRR29492859
Written 1105993 spots for SRR29492859
Read 1105993 spots for SRR29492859
Written 1105993 spots for SRR29492859
Read 1105993 spots for SRR29492859
Written 1105993 spots for SRR29492859
Read 1105993 spots for SRR29492859
Written 1105993 spots for SRR29492859
Read 1105993 spots for SRR29492859
Written 1105993 spots for SRR29492859
Read 1105993 spots for SRR29492859
Written 1105993 spots for SRR29492859
Read 1105993 spots for SRR29492859
Written 1105993 spots for SRR29492859
Read 1106020 spots for SRR29492859
Written 1106020 spots for SRR29492859
Read 1105993 spots for SRR29492859
Written 1105993 spots for SRR29492859
Read 1105993 spots for SRR29492859
Written 1105993 spots for SRR29492859
Read 1105993 spots for SRR29492859
Written 1105993 spots for SRR29492859
Read 1105993 spots for SRR29492859
Written 1105993 spots for SRR29492859
SRR29492859 processed successfully.
Processing SRR29492860...
Read 2622313 spots for SRR29492860
Written 2622313 spots for SRR29492860
Read 2622313 spots for SRR29492860
Written 2622313 spots for SRR29492860
Read 2622313 spots for SRR29492860
Written 2622313 spots for SRR29492860
Read 2622313 spots for SRR29492860
Written 2622313 spots for SRR29492860
Read 2622313 spots for SRR29492860
Written 2622313 spots for SRR29492860
Read 2622313 spots for SRR29492860
Written 2622313 spots for SRR29492860
Read 2622313 spots for SRR29492860
Written 2622313 spots for SRR29492860
Read 2622313 spots for SRR29492860
Written 2622313 spots for SRR29492860
Read 2622313 spots for SRR29492860
Written 2622313 spots for SRR29492860
Read 2622313 spots for SRR29492860
Written 2622313 spots for SRR29492860
Read 2622313 spots for SRR29492860
Written 2622313 spots for SRR29492860
Read 2622313 spots for SRR29492860
Written 2622313 spots for SRR29492860
Read 2622313 spots for SRR29492860
Written 2622313 spots for SRR29492860
Read 2622313 spots for SRR29492860
Written 2622313 spots for SRR29492860
Read 2622313 spots for SRR29492860
Written 2622313 spots for SRR29492860
Read 2622313 spots for SRR29492860
Written 2622313 spots for SRR29492860
Read 2622313 spots for SRR29492860
Written 2622313 spots for SRR29492860
Read 2622313 spots for SRR29492860
Written 2622313 spots for SRR29492860
Read 2622313 spots for SRR29492860
Written 2622313 spots for SRR29492860
Read 2622313 spots for SRR29492860
Written 2622313 spots for SRR29492860
Read 2622313 spots for SRR29492860
Written 2622313 spots for SRR29492860
Read 2622313 spots for SRR29492860
Written 2622313 spots for SRR29492860
Read 2622313 spots for SRR29492860
Written 2622313 spots for SRR29492860
Read 2622313 spots for SRR29492860
Written 2622313 spots for SRR29492860
Read 2622313 spots for SRR29492860
Written 2622313 spots for SRR29492860
Read 2622313 spots for SRR29492860
Written 2622313 spots for SRR29492860
Read 2622313 spots for SRR29492860
Written 2622313 spots for SRR29492860
Read 2622313 spots for SRR29492860
Written 2622313 spots for SRR29492860
Read 2622313 spots for SRR29492860
Written 2622313 spots for SRR29492860
Read 2622313 spots for SRR29492860
Written 2622313 spots for SRR29492860
Read 2622313 spots for SRR29492860
Written 2622313 spots for SRR29492860
Read 2622325 spots for SRR29492860
Written 2622325 spots for SRR29492860
Read 2622313 spots for SRR29492860
Written 2622313 spots for SRR29492860
Read 2622313 spots for SRR29492860
Written 2622313 spots for SRR29492860
Read 2622313 spots for SRR29492860
Written 2622313 spots for SRR29492860
Read 2622313 spots for SRR29492860
Written 2622313 spots for SRR29492860
SRR29492860 processed successfully.
Processing SRR29492861...
Read 1819349 spots for SRR29492861
Written 1819349 spots for SRR29492861
Read 1819349 spots for SRR29492861
Written 1819349 spots for SRR29492861
Read 1819349 spots for SRR29492861
Written 1819349 spots for SRR29492861
Read 1819349 spots for SRR29492861
Written 1819349 spots for SRR29492861
Read 1819349 spots for SRR29492861
Written 1819349 spots for SRR29492861
Read 1819349 spots for SRR29492861
Written 1819349 spots for SRR29492861
Read 1819349 spots for SRR29492861
Written 1819349 spots for SRR29492861
Read 1819349 spots for SRR29492861
Written 1819349 spots for SRR29492861
Read 1819349 spots for SRR29492861
Written 1819349 spots for SRR29492861
Read 1819349 spots for SRR29492861
Written 1819349 spots for SRR29492861
Read 1819349 spots for SRR29492861
Written 1819349 spots for SRR29492861
Read 1819349 spots for SRR29492861
Written 1819349 spots for SRR29492861
Read 1819349 spots for SRR29492861
Written 1819349 spots for SRR29492861
Read 1819349 spots for SRR29492861
Written 1819349 spots for SRR29492861
Read 1819349 spots for SRR29492861
Written 1819349 spots for SRR29492861
Read 1819349 spots for SRR29492861
Written 1819349 spots for SRR29492861
Read 1819349 spots for SRR29492861
Written 1819349 spots for SRR29492861
Read 1819378 spots for SRR29492861
Written 1819378 spots for SRR29492861
Read 1819349 spots for SRR29492861
Written 1819349 spots for SRR29492861
Read 1819349 spots for SRR29492861
Written 1819349 spots for SRR29492861
Read 1819349 spots for SRR29492861
Written 1819349 spots for SRR29492861
Read 1819349 spots for SRR29492861
Written 1819349 spots for SRR29492861
Read 1819349 spots for SRR29492861
Written 1819349 spots for SRR29492861
Read 1819349 spots for SRR29492861
Written 1819349 spots for SRR29492861
Read 1819349 spots for SRR29492861
Written 1819349 spots for SRR29492861
Read 1819349 spots for SRR29492861
Written 1819349 spots for SRR29492861
Read 1819349 spots for SRR29492861
Written 1819349 spots for SRR29492861
Read 1819349 spots for SRR29492861
Written 1819349 spots for SRR29492861
Read 1819349 spots for SRR29492861
Written 1819349 spots for SRR29492861
Read 1819349 spots for SRR29492861
Written 1819349 spots for SRR29492861
Read 1819349 spots for SRR29492861
Written 1819349 spots for SRR29492861
Read 1819349 spots for SRR29492861
Written 1819349 spots for SRR29492861
Read 1819349 spots for SRR29492861
Written 1819349 spots for SRR29492861
Read 1819349 spots for SRR29492861
Written 1819349 spots for SRR29492861
Read 1819349 spots for SRR29492861
Written 1819349 spots for SRR29492861
Read 1819349 spots for SRR29492861
Written 1819349 spots for SRR29492861
SRR29492861 processed successfully.
Processing SRR29492862...
Read 1991927 spots for SRR29492862
Written 1991927 spots for SRR29492862
Read 1991927 spots for SRR29492862
Written 1991927 spots for SRR29492862
Read 1991927 spots for SRR29492862
Written 1991927 spots for SRR29492862
Read 1991927 spots for SRR29492862
Written 1991927 spots for SRR29492862
Read 1991927 spots for SRR29492862
Written 1991927 spots for SRR29492862
Read 1991927 spots for SRR29492862
Written 1991927 spots for SRR29492862
Read 1991927 spots for SRR29492862
Written 1991927 spots for SRR29492862
Read 1991927 spots for SRR29492862
Written 1991927 spots for SRR29492862
Read 1991927 spots for SRR29492862
Written 1991927 spots for SRR29492862
Read 1991927 spots for SRR29492862
Written 1991927 spots for SRR29492862
Read 1991927 spots for SRR29492862
Written 1991927 spots for SRR29492862
Read 1991927 spots for SRR29492862
Written 1991927 spots for SRR29492862
Read 1991927 spots for SRR29492862
Written 1991927 spots for SRR29492862
Read 1991927 spots for SRR29492862
Written 1991927 spots for SRR29492862
Read 1991927 spots for SRR29492862
Written 1991927 spots for SRR29492862
Read 1991927 spots for SRR29492862
Written 1991927 spots for SRR29492862
Read 1991927 spots for SRR29492862
Written 1991927 spots for SRR29492862
Read 1991927 spots for SRR29492862
Written 1991927 spots for SRR29492862
Read 1991927 spots for SRR29492862
Written 1991927 spots for SRR29492862
Read 1991927 spots for SRR29492862
Written 1991927 spots for SRR29492862
Read 1991927 spots for SRR29492862
Written 1991927 spots for SRR29492862
Read 1991927 spots for SRR29492862
Written 1991927 spots for SRR29492862
Read 1991927 spots for SRR29492862
Written 1991927 spots for SRR29492862
Read 1991927 spots for SRR29492862
Written 1991927 spots for SRR29492862
Read 1991927 spots for SRR29492862
Written 1991927 spots for SRR29492862
Read 1991927 spots for SRR29492862
Written 1991927 spots for SRR29492862
Read 1991927 spots for SRR29492862
Written 1991927 spots for SRR29492862
Read 1991927 spots for SRR29492862
Written 1991927 spots for SRR29492862
Read 1991946 spots for SRR29492862
Written 1991946 spots for SRR29492862
Read 1991927 spots for SRR29492862
Written 1991927 spots for SRR29492862
Read 1991927 spots for SRR29492862
Written 1991927 spots for SRR29492862
Read 1991927 spots for SRR29492862
Written 1991927 spots for SRR29492862
Read 1991927 spots for SRR29492862
Written 1991927 spots for SRR29492862
Read 1991927 spots for SRR29492862
Written 1991927 spots for SRR29492862
Read 1991927 spots for SRR29492862
Written 1991927 spots for SRR29492862
Read 1991927 spots for SRR29492862
Written 1991927 spots for SRR29492862
SRR29492862 processed successfully.
Processing SRR29492863...
Read 1941088 spots for SRR29492863
Written 1941088 spots for SRR29492863
Read 1941088 spots for SRR29492863
Written 1941088 spots for SRR29492863
Read 1941088 spots for SRR29492863
Written 1941088 spots for SRR29492863
Read 1941088 spots for SRR29492863
Written 1941088 spots for SRR29492863
Read 1941088 spots for SRR29492863
Written 1941088 spots for SRR29492863
Read 1941088 spots for SRR29492863
Written 1941088 spots for SRR29492863
Read 1941088 spots for SRR29492863
Written 1941088 spots for SRR29492863
Read 1941088 spots for SRR29492863
Written 1941088 spots for SRR29492863
Read 1941088 spots for SRR29492863
Written 1941088 spots for SRR29492863
Read 1941088 spots for SRR29492863
Written 1941088 spots for SRR29492863
Read 1941088 spots for SRR29492863
Written 1941088 spots for SRR29492863
Read 1941088 spots for SRR29492863
Written 1941088 spots for SRR29492863
Read 1941088 spots for SRR29492863
Written 1941088 spots for SRR29492863
Read 1941088 spots for SRR29492863
Written 1941088 spots for SRR29492863
Read 1941088 spots for SRR29492863
Written 1941088 spots for SRR29492863
Read 1941088 spots for SRR29492863
Written 1941088 spots for SRR29492863
Read 1941088 spots for SRR29492863
Written 1941088 spots for SRR29492863
Read 1941088 spots for SRR29492863
Written 1941088 spots for SRR29492863
Read 1941088 spots for SRR29492863
Written 1941088 spots for SRR29492863
Read 1941095 spots for SRR29492863
Written 1941095 spots for SRR29492863
Read 1941088 spots for SRR29492863
Written 1941088 spots for SRR29492863
Read 1941088 spots for SRR29492863
Written 1941088 spots for SRR29492863
Read 1941088 spots for SRR29492863
Written 1941088 spots for SRR29492863
Read 1941088 spots for SRR29492863
Written 1941088 spots for SRR29492863
Read 1941088 spots for SRR29492863
Written 1941088 spots for SRR29492863
Read 1941088 spots for SRR29492863
Written 1941088 spots for SRR29492863
Read 1941088 spots for SRR29492863
Written 1941088 spots for SRR29492863
Read 1941088 spots for SRR29492863
Written 1941088 spots for SRR29492863
Read 1941088 spots for SRR29492863
Written 1941088 spots for SRR29492863
Read 1941088 spots for SRR29492863
Written 1941088 spots for SRR29492863
Read 1941088 spots for SRR29492863
Written 1941088 spots for SRR29492863
Read 1941088 spots for SRR29492863
Written 1941088 spots for SRR29492863
Read 1941088 spots for SRR29492863
Written 1941088 spots for SRR29492863
Read 1941088 spots for SRR29492863
Written 1941088 spots for SRR29492863
Read 1941088 spots for SRR29492863
Written 1941088 spots for SRR29492863
Read 1941088 spots for SRR29492863
Written 1941088 spots for SRR29492863
SRR29492863 processed successfully.
Processing SRR29492864...
Read 2918682 spots for SRR29492864
Written 2918682 spots for SRR29492864
Read 2918682 spots for SRR29492864
Written 2918682 spots for SRR29492864
Read 2918682 spots for SRR29492864
Written 2918682 spots for SRR29492864
Read 2918682 spots for SRR29492864
Written 2918682 spots for SRR29492864
Read 2918682 spots for SRR29492864
Written 2918682 spots for SRR29492864
Read 2918682 spots for SRR29492864
Written 2918682 spots for SRR29492864
Read 2918682 spots for SRR29492864
Written 2918682 spots for SRR29492864
Read 2918682 spots for SRR29492864
Written 2918682 spots for SRR29492864
Read 2918682 spots for SRR29492864
Written 2918682 spots for SRR29492864
Read 2918682 spots for SRR29492864
Written 2918682 spots for SRR29492864
Read 2918682 spots for SRR29492864
Written 2918682 spots for SRR29492864
Read 2918682 spots for SRR29492864
Written 2918682 spots for SRR29492864
Read 2918682 spots for SRR29492864
Written 2918682 spots for SRR29492864
Read 2918682 spots for SRR29492864
Written 2918682 spots for SRR29492864
Read 2918682 spots for SRR29492864
Written 2918682 spots for SRR29492864
Read 2918682 spots for SRR29492864
Written 2918682 spots for SRR29492864
Read 2918682 spots for SRR29492864
Written 2918682 spots for SRR29492864
Read 2918682 spots for SRR29492864
Written 2918682 spots for SRR29492864
Read 2918683 spots for SRR29492864
Written 2918683 spots for SRR29492864
Read 2918682 spots for SRR29492864
Written 2918682 spots for SRR29492864
Read 2918682 spots for SRR29492864
Written 2918682 spots for SRR29492864
Read 2918682 spots for SRR29492864
Written 2918682 spots for SRR29492864
Read 2918682 spots for SRR29492864
Written 2918682 spots for SRR29492864
Read 2918682 spots for SRR29492864
Written 2918682 spots for SRR29492864
Read 2918682 spots for SRR29492864
Written 2918682 spots for SRR29492864
Read 2918682 spots for SRR29492864
Written 2918682 spots for SRR29492864
Read 2918682 spots for SRR29492864
Written 2918682 spots for SRR29492864
Read 2918682 spots for SRR29492864
Written 2918682 spots for SRR29492864
Read 2918682 spots for SRR29492864
Written 2918682 spots for SRR29492864
Read 2918682 spots for SRR29492864
Written 2918682 spots for SRR29492864
Read 2918682 spots for SRR29492864
Written 2918682 spots for SRR29492864
Read 2918682 spots for SRR29492864
Written 2918682 spots for SRR29492864
Read 2918682 spots for SRR29492864
Written 2918682 spots for SRR29492864
Read 2918682 spots for SRR29492864
Written 2918682 spots for SRR29492864
Read 2918682 spots for SRR29492864
Written 2918682 spots for SRR29492864
Read 2918682 spots for SRR29492864
Written 2918682 spots for SRR29492864
SRR29492864 processed successfully.
Processing SRR29492865...
Read 2581471 spots for SRR29492865
Written 2581471 spots for SRR29492865
Read 2581471 spots for SRR29492865
Written 2581471 spots for SRR29492865
Read 2581471 spots for SRR29492865
Written 2581471 spots for SRR29492865
Read 2581471 spots for SRR29492865
Written 2581471 spots for SRR29492865
Read 2581471 spots for SRR29492865
Written 2581471 spots for SRR29492865
Read 2581471 spots for SRR29492865
Written 2581471 spots for SRR29492865
Read 2581471 spots for SRR29492865
Written 2581471 spots for SRR29492865
Read 2581471 spots for SRR29492865
Written 2581471 spots for SRR29492865
Read 2581471 spots for SRR29492865
Written 2581471 spots for SRR29492865
Read 2581471 spots for SRR29492865
Written 2581471 spots for SRR29492865
Read 2581471 spots for SRR29492865
Written 2581471 spots for SRR29492865
Read 2581471 spots for SRR29492865
Written 2581471 spots for SRR29492865
Read 2581471 spots for SRR29492865
Written 2581471 spots for SRR29492865
Read 2581471 spots for SRR29492865
Written 2581471 spots for SRR29492865
Read 2581471 spots for SRR29492865
Written 2581471 spots for SRR29492865
Read 2581471 spots for SRR29492865
Written 2581471 spots for SRR29492865
Read 2581471 spots for SRR29492865
Written 2581471 spots for SRR29492865
Read 2581471 spots for SRR29492865
Written 2581471 spots for SRR29492865
Read 2581471 spots for SRR29492865
Written 2581471 spots for SRR29492865
Read 2581471 spots for SRR29492865
Written 2581471 spots for SRR29492865
Read 2581471 spots for SRR29492865
Written 2581471 spots for SRR29492865
Read 2581471 spots for SRR29492865
Written 2581471 spots for SRR29492865
Read 2581471 spots for SRR29492865
Written 2581471 spots for SRR29492865
Read 2581471 spots for SRR29492865
Written 2581471 spots for SRR29492865
Read 2581471 spots for SRR29492865
Written 2581471 spots for SRR29492865
Read 2581471 spots for SRR29492865
Written 2581471 spots for SRR29492865
Read 2581471 spots for SRR29492865
Written 2581471 spots for SRR29492865
Read 2581471 spots for SRR29492865
Written 2581471 spots for SRR29492865
Read 2581471 spots for SRR29492865
Written 2581471 spots for SRR29492865
Read 2581471 spots for SRR29492865
Written 2581471 spots for SRR29492865
Read 2581471 spots for SRR29492865
Written 2581471 spots for SRR29492865
Read 2581471 spots for SRR29492865
Written 2581471 spots for SRR29492865
Read 2581506 spots for SRR29492865
Written 2581506 spots for SRR29492865
Read 2581471 spots for SRR29492865
Written 2581471 spots for SRR29492865
Read 2581471 spots for SRR29492865
Written 2581471 spots for SRR29492865
Read 2581471 spots for SRR29492865
Written 2581471 spots for SRR29492865
SRR29492865 processed successfully.
Processing SRR29492866...
Read 2909894 spots for SRR29492866
Written 2909894 spots for SRR29492866
Read 2909894 spots for SRR29492866
Written 2909894 spots for SRR29492866
Read 2909894 spots for SRR29492866
Written 2909894 spots for SRR29492866
Read 2909894 spots for SRR29492866
Written 2909894 spots for SRR29492866
Read 2909894 spots for SRR29492866
Written 2909894 spots for SRR29492866
Read 2909894 spots for SRR29492866
Written 2909894 spots for SRR29492866
Read 2909894 spots for SRR29492866
Written 2909894 spots for SRR29492866
Read 2909894 spots for SRR29492866
Written 2909894 spots for SRR29492866
Read 2909894 spots for SRR29492866
Written 2909894 spots for SRR29492866
Read 2909894 spots for SRR29492866
Written 2909894 spots for SRR29492866
Read 2909894 spots for SRR29492866
Written 2909894 spots for SRR29492866
Read 2909894 spots for SRR29492866
Written 2909894 spots for SRR29492866
Read 2909894 spots for SRR29492866
Written 2909894 spots for SRR29492866
Read 2909894 spots for SRR29492866
Written 2909894 spots for SRR29492866
Read 2909894 spots for SRR29492866
Written 2909894 spots for SRR29492866
Read 2909894 spots for SRR29492866
Written 2909894 spots for SRR29492866
Read 2909894 spots for SRR29492866
Written 2909894 spots for SRR29492866
Read 2909894 spots for SRR29492866
Written 2909894 spots for SRR29492866
Read 2909894 spots for SRR29492866
Written 2909894 spots for SRR29492866
Read 2909894 spots for SRR29492866
Written 2909894 spots for SRR29492866
Read 2909894 spots for SRR29492866
Written 2909894 spots for SRR29492866
Read 2909894 spots for SRR29492866
Written 2909894 spots for SRR29492866
Read 2909894 spots for SRR29492866
Written 2909894 spots for SRR29492866
Read 2909894 spots for SRR29492866
Written 2909894 spots for SRR29492866
Read 2909894 spots for SRR29492866
Written 2909894 spots for SRR29492866
Read 2909894 spots for SRR29492866
Written 2909894 spots for SRR29492866
Read 2909894 spots for SRR29492866
Written 2909894 spots for SRR29492866
Read 2909894 spots for SRR29492866
Written 2909894 spots for SRR29492866
Read 2909894 spots for SRR29492866
Written 2909894 spots for SRR29492866
Read 2909894 spots for SRR29492866
Written 2909894 spots for SRR29492866
Read 2909894 spots for SRR29492866
Written 2909894 spots for SRR29492866
Read 2909894 spots for SRR29492866
Written 2909894 spots for SRR29492866
Read 2909894 spots for SRR29492866
Written 2909894 spots for SRR29492866
Read 2909920 spots for SRR29492866
Written 2909920 spots for SRR29492866
Read 2909894 spots for SRR29492866
Written 2909894 spots for SRR29492866
Read 2909894 spots for SRR29492866
Written 2909894 spots for SRR29492866
SRR29492866 processed successfully.
Processing SRR29492867...
Read 3263187 spots for SRR29492867
Written 3263187 spots for SRR29492867
Read 3263187 spots for SRR29492867
Written 3263187 spots for SRR29492867
Read 3263187 spots for SRR29492867
Written 3263187 spots for SRR29492867
Read 3263187 spots for SRR29492867
Written 3263187 spots for SRR29492867
Read 3263187 spots for SRR29492867
Written 3263187 spots for SRR29492867
Read 3263187 spots for SRR29492867
Written 3263187 spots for SRR29492867
Read 3263187 spots for SRR29492867
Written 3263187 spots for SRR29492867
Read 3263187 spots for SRR29492867
Written 3263187 spots for SRR29492867
Read 3263187 spots for SRR29492867
Written 3263187 spots for SRR29492867
Read 3263187 spots for SRR29492867
Written 3263187 spots for SRR29492867
Read 3263187 spots for SRR29492867
Written 3263187 spots for SRR29492867
Read 3263187 spots for SRR29492867
Written 3263187 spots for SRR29492867
Read 3263187 spots for SRR29492867
Written 3263187 spots for SRR29492867
Read 3263187 spots for SRR29492867
Written 3263187 spots for SRR29492867
Read 3263187 spots for SRR29492867
Written 3263187 spots for SRR29492867
Read 3263187 spots for SRR29492867
Written 3263187 spots for SRR29492867
Read 3263187 spots for SRR29492867
Written 3263187 spots for SRR29492867
Read 3263187 spots for SRR29492867
Written 3263187 spots for SRR29492867
Read 3263187 spots for SRR29492867
Written 3263187 spots for SRR29492867
Read 3263187 spots for SRR29492867
Written 3263187 spots for SRR29492867
Read 3263187 spots for SRR29492867
Written 3263187 spots for SRR29492867
Read 3263187 spots for SRR29492867
Written 3263187 spots for SRR29492867
Read 3263187 spots for SRR29492867
Written 3263187 spots for SRR29492867
Read 3263187 spots for SRR29492867
Written 3263187 spots for SRR29492867
Read 3263187 spots for SRR29492867
Written 3263187 spots for SRR29492867
Read 3263187 spots for SRR29492867
Written 3263187 spots for SRR29492867
Read 3263187 spots for SRR29492867
Written 3263187 spots for SRR29492867
Read 3263187 spots for SRR29492867
Written 3263187 spots for SRR29492867
Read 3263187 spots for SRR29492867
Written 3263187 spots for SRR29492867
Read 3263187 spots for SRR29492867
Written 3263187 spots for SRR29492867
Read 3263187 spots for SRR29492867
Written 3263187 spots for SRR29492867
Read 3263187 spots for SRR29492867
Written 3263187 spots for SRR29492867
Read 3263187 spots for SRR29492867
Written 3263187 spots for SRR29492867
Read 3263187 spots for SRR29492867
Written 3263187 spots for SRR29492867
Read 3263198 spots for SRR29492867
Written 3263198 spots for SRR29492867
Read 3263187 spots for SRR29492867
Written 3263187 spots for SRR29492867
SRR29492867 processed successfully.
Processing SRR29492868...
Read 1897367 spots for SRR29492868
Written 1897367 spots for SRR29492868
Read 1897367 spots for SRR29492868
Written 1897367 spots for SRR29492868
Read 1897367 spots for SRR29492868
Written 1897367 spots for SRR29492868
Read 1897367 spots for SRR29492868
Written 1897367 spots for SRR29492868
Read 1897367 spots for SRR29492868
Written 1897367 spots for SRR29492868
Read 1897367 spots for SRR29492868
Written 1897367 spots for SRR29492868
Read 1897367 spots for SRR29492868
Written 1897367 spots for SRR29492868
Read 1897367 spots for SRR29492868
Written 1897367 spots for SRR29492868
Read 1897367 spots for SRR29492868
Written 1897367 spots for SRR29492868
Read 1897367 spots for SRR29492868
Written 1897367 spots for SRR29492868
Read 1897367 spots for SRR29492868
Written 1897367 spots for SRR29492868
Read 1897367 spots for SRR29492868
Written 1897367 spots for SRR29492868
Read 1897367 spots for SRR29492868
Written 1897367 spots for SRR29492868
Read 1897367 spots for SRR29492868
Written 1897367 spots for SRR29492868
Read 1897367 spots for SRR29492868
Written 1897367 spots for SRR29492868
Read 1897367 spots for SRR29492868
Written 1897367 spots for SRR29492868
Read 1897367 spots for SRR29492868
Written 1897367 spots for SRR29492868
Read 1897367 spots for SRR29492868
Written 1897367 spots for SRR29492868
Read 1897367 spots for SRR29492868
Written 1897367 spots for SRR29492868
Read 1897367 spots for SRR29492868
Written 1897367 spots for SRR29492868
Read 1897367 spots for SRR29492868
Written 1897367 spots for SRR29492868
Read 1897367 spots for SRR29492868
Written 1897367 spots for SRR29492868
Read 1897367 spots for SRR29492868
Written 1897367 spots for SRR29492868
Read 1897367 spots for SRR29492868
Written 1897367 spots for SRR29492868
Read 1897367 spots for SRR29492868
Written 1897367 spots for SRR29492868
Read 1897367 spots for SRR29492868
Written 1897367 spots for SRR29492868
Read 1897367 spots for SRR29492868
Written 1897367 spots for SRR29492868
Read 1897399 spots for SRR29492868
Written 1897399 spots for SRR29492868
Read 1897367 spots for SRR29492868
Written 1897367 spots for SRR29492868
Read 1897367 spots for SRR29492868
Written 1897367 spots for SRR29492868
Read 1897367 spots for SRR29492868
Written 1897367 spots for SRR29492868
Read 1897367 spots for SRR29492868
Written 1897367 spots for SRR29492868
Read 1897367 spots for SRR29492868
Written 1897367 spots for SRR29492868
Read 1897367 spots for SRR29492868
Written 1897367 spots for SRR29492868
Read 1897367 spots for SRR29492868
Written 1897367 spots for SRR29492868
Read 1897367 spots for SRR29492868
Written 1897367 spots for SRR29492868
SRR29492868 processed successfully.
Processing SRR29492869...
Read 2227511 spots for SRR29492869
Written 2227511 spots for SRR29492869
Read 2227511 spots for SRR29492869
Written 2227511 spots for SRR29492869
Read 2227511 spots for SRR29492869
Written 2227511 spots for SRR29492869
Read 2227511 spots for SRR29492869
Written 2227511 spots for SRR29492869
Read 2227511 spots for SRR29492869
Written 2227511 spots for SRR29492869
Read 2227511 spots for SRR29492869
Written 2227511 spots for SRR29492869
Read 2227511 spots for SRR29492869
Written 2227511 spots for SRR29492869
Read 2227511 spots for SRR29492869
Written 2227511 spots for SRR29492869
Read 2227511 spots for SRR29492869
Written 2227511 spots for SRR29492869
Read 2227527 spots for SRR29492869
Written 2227527 spots for SRR29492869
Read 2227511 spots for SRR29492869
Written 2227511 spots for SRR29492869
Read 2227511 spots for SRR29492869
Written 2227511 spots for SRR29492869
Read 2227511 spots for SRR29492869
Written 2227511 spots for SRR29492869
Read 2227511 spots for SRR29492869
Written 2227511 spots for SRR29492869
Read 2227511 spots for SRR29492869
Written 2227511 spots for SRR29492869
Read 2227511 spots for SRR29492869
Written 2227511 spots for SRR29492869
Read 2227511 spots for SRR29492869
Written 2227511 spots for SRR29492869
Read 2227511 spots for SRR29492869
Written 2227511 spots for SRR29492869
Read 2227511 spots for SRR29492869
Written 2227511 spots for SRR29492869
Read 2227511 spots for SRR29492869
Written 2227511 spots for SRR29492869
Read 2227511 spots for SRR29492869
Written 2227511 spots for SRR29492869
Read 2227511 spots for SRR29492869
Written 2227511 spots for SRR29492869
Read 2227511 spots for SRR29492869
Written 2227511 spots for SRR29492869
Read 2227511 spots for SRR29492869
Written 2227511 spots for SRR29492869
Read 2227511 spots for SRR29492869
Written 2227511 spots for SRR29492869
Read 2227511 spots for SRR29492869
Written 2227511 spots for SRR29492869
Read 2227511 spots for SRR29492869
Written 2227511 spots for SRR29492869
Read 2227511 spots for SRR29492869
Written 2227511 spots for SRR29492869
Read 2227511 spots for SRR29492869
Written 2227511 spots for SRR29492869
Read 2227511 spots for SRR29492869
Written 2227511 spots for SRR29492869
Read 2227511 spots for SRR29492869
Written 2227511 spots for SRR29492869
Read 2227511 spots for SRR29492869
Written 2227511 spots for SRR29492869
Read 2227511 spots for SRR29492869
Written 2227511 spots for SRR29492869
Read 2227511 spots for SRR29492869
Written 2227511 spots for SRR29492869
Read 2227511 spots for SRR29492869
Written 2227511 spots for SRR29492869
Read 2227511 spots for SRR29492869
Written 2227511 spots for SRR29492869
SRR29492869 processed successfully.
Processing SRR29492870...
Read 2799589 spots for SRR29492870
Written 2799589 spots for SRR29492870
Read 2799589 spots for SRR29492870
Written 2799589 spots for SRR29492870
Read 2799589 spots for SRR29492870
Written 2799589 spots for SRR29492870
Read 2799589 spots for SRR29492870
Written 2799589 spots for SRR29492870
Read 2799589 spots for SRR29492870
Written 2799589 spots for SRR29492870
Read 2799589 spots for SRR29492870
Written 2799589 spots for SRR29492870
Read 2799589 spots for SRR29492870
Written 2799589 spots for SRR29492870
Read 2799589 spots for SRR29492870
Written 2799589 spots for SRR29492870
Read 2799589 spots for SRR29492870
Written 2799589 spots for SRR29492870
Read 2799589 spots for SRR29492870
Written 2799589 spots for SRR29492870
Read 2799589 spots for SRR29492870
Written 2799589 spots for SRR29492870
Read 2799589 spots for SRR29492870
Written 2799589 spots for SRR29492870
Read 2799589 spots for SRR29492870
Written 2799589 spots for SRR29492870
Read 2799589 spots for SRR29492870
Written 2799589 spots for SRR29492870
Read 2799589 spots for SRR29492870
Written 2799589 spots for SRR29492870
Read 2799589 spots for SRR29492870
Written 2799589 spots for SRR29492870
Read 2799589 spots for SRR29492870
Written 2799589 spots for SRR29492870
Read 2799589 spots for SRR29492870
Written 2799589 spots for SRR29492870
Read 2799589 spots for SRR29492870
Written 2799589 spots for SRR29492870
Read 2799589 spots for SRR29492870
Written 2799589 spots for SRR29492870
Read 2799610 spots for SRR29492870
Written 2799610 spots for SRR29492870
Read 2799589 spots for SRR29492870
Written 2799589 spots for SRR29492870
Read 2799589 spots for SRR29492870
Written 2799589 spots for SRR29492870
Read 2799589 spots for SRR29492870
Written 2799589 spots for SRR29492870
Read 2799589 spots for SRR29492870
Written 2799589 spots for SRR29492870
Read 2799589 spots for SRR29492870
Written 2799589 spots for SRR29492870
Read 2799589 spots for SRR29492870
Written 2799589 spots for SRR29492870
Read 2799589 spots for SRR29492870
Written 2799589 spots for SRR29492870
Read 2799589 spots for SRR29492870
Written 2799589 spots for SRR29492870
Read 2799589 spots for SRR29492870
Written 2799589 spots for SRR29492870
Read 2799589 spots for SRR29492870
Written 2799589 spots for SRR29492870
Read 2799589 spots for SRR29492870
Written 2799589 spots for SRR29492870
Read 2799589 spots for SRR29492870
Written 2799589 spots for SRR29492870
Read 2799589 spots for SRR29492870
Written 2799589 spots for SRR29492870
Read 2799589 spots for SRR29492870
Written 2799589 spots for SRR29492870
Read 2799589 spots for SRR29492870
Written 2799589 spots for SRR29492870
SRR29492870 processed successfully.
Processing SRR29492871...
Read 3587463 spots for SRR29492871
Written 3587463 spots for SRR29492871
Read 3587463 spots for SRR29492871
Written 3587463 spots for SRR29492871
Read 3587463 spots for SRR29492871
Written 3587463 spots for SRR29492871
Read 3587463 spots for SRR29492871
Written 3587463 spots for SRR29492871
Read 3587463 spots for SRR29492871
Written 3587463 spots for SRR29492871
Read 3587463 spots for SRR29492871
Written 3587463 spots for SRR29492871
Read 3587463 spots for SRR29492871
Written 3587463 spots for SRR29492871
Read 3587463 spots for SRR29492871
Written 3587463 spots for SRR29492871
Read 3587463 spots for SRR29492871
Written 3587463 spots for SRR29492871
Read 3587463 spots for SRR29492871
Written 3587463 spots for SRR29492871
Read 3587463 spots for SRR29492871
Written 3587463 spots for SRR29492871
Read 3587463 spots for SRR29492871
Written 3587463 spots for SRR29492871
Read 3587463 spots for SRR29492871
Written 3587463 spots for SRR29492871
Read 3587463 spots for SRR29492871
Written 3587463 spots for SRR29492871
Read 3587463 spots for SRR29492871
Written 3587463 spots for SRR29492871
Read 3587463 spots for SRR29492871
Written 3587463 spots for SRR29492871
Read 3587463 spots for SRR29492871
Written 3587463 spots for SRR29492871
Read 3587463 spots for SRR29492871
Written 3587463 spots for SRR29492871
Read 3587463 spots for SRR29492871
Written 3587463 spots for SRR29492871
Read 3587463 spots for SRR29492871
Written 3587463 spots for SRR29492871
Read 3587477 spots for SRR29492871
Written 3587477 spots for SRR29492871
Read 3587463 spots for SRR29492871
Written 3587463 spots for SRR29492871
Read 3587463 spots for SRR29492871
Written 3587463 spots for SRR29492871
Read 3587463 spots for SRR29492871
Written 3587463 spots for SRR29492871
Read 3587463 spots for SRR29492871
Written 3587463 spots for SRR29492871
Read 3587463 spots for SRR29492871
Written 3587463 spots for SRR29492871
Read 3587463 spots for SRR29492871
Written 3587463 spots for SRR29492871
Read 3587463 spots for SRR29492871
Written 3587463 spots for SRR29492871
Read 3587463 spots for SRR29492871
Written 3587463 spots for SRR29492871
Read 3587463 spots for SRR29492871
Written 3587463 spots for SRR29492871
Read 3587463 spots for SRR29492871
Written 3587463 spots for SRR29492871
Read 3587463 spots for SRR29492871
Written 3587463 spots for SRR29492871
Read 3587463 spots for SRR29492871
Written 3587463 spots for SRR29492871
Read 3587463 spots for SRR29492871
Written 3587463 spots for SRR29492871
Read 3587463 spots for SRR29492871
Written 3587463 spots for SRR29492871
Read 3587463 spots for SRR29492871
Written 3587463 spots for SRR29492871
SRR29492871 processed successfully.
Processing SRR29492872...
Read 2020611 spots for SRR29492872
Written 2020611 spots for SRR29492872
Read 2020611 spots for SRR29492872
Written 2020611 spots for SRR29492872
Read 2020611 spots for SRR29492872
Written 2020611 spots for SRR29492872
Read 2020611 spots for SRR29492872
Written 2020611 spots for SRR29492872
Read 2020611 spots for SRR29492872
Written 2020611 spots for SRR29492872
Read 2020611 spots for SRR29492872
Written 2020611 spots for SRR29492872
Read 2020611 spots for SRR29492872
Written 2020611 spots for SRR29492872
Read 2020611 spots for SRR29492872
Written 2020611 spots for SRR29492872
Read 2020611 spots for SRR29492872
Written 2020611 spots for SRR29492872
Read 2020611 spots for SRR29492872
Written 2020611 spots for SRR29492872
Read 2020611 spots for SRR29492872
Written 2020611 spots for SRR29492872
Read 2020611 spots for SRR29492872
Written 2020611 spots for SRR29492872
Read 2020611 spots for SRR29492872
Written 2020611 spots for SRR29492872
Read 2020611 spots for SRR29492872
Written 2020611 spots for SRR29492872
Read 2020611 spots for SRR29492872
Written 2020611 spots for SRR29492872
Read 2020611 spots for SRR29492872
Written 2020611 spots for SRR29492872
Read 2020611 spots for SRR29492872
Written 2020611 spots for SRR29492872
Read 2020611 spots for SRR29492872
Written 2020611 spots for SRR29492872
Read 2020611 spots for SRR29492872
Written 2020611 spots for SRR29492872
Read 2020611 spots for SRR29492872
Written 2020611 spots for SRR29492872
Read 2020611 spots for SRR29492872
Written 2020611 spots for SRR29492872
Read 2020611 spots for SRR29492872
Written 2020611 spots for SRR29492872
Read 2020611 spots for SRR29492872
Written 2020611 spots for SRR29492872
Read 2020611 spots for SRR29492872
Written 2020611 spots for SRR29492872
Read 2020611 spots for SRR29492872
Written 2020611 spots for SRR29492872
Read 2020611 spots for SRR29492872
Written 2020611 spots for SRR29492872
Read 2020611 spots for SRR29492872
Written 2020611 spots for SRR29492872
Read 2020611 spots for SRR29492872
Written 2020611 spots for SRR29492872
Read 2020611 spots for SRR29492872
Written 2020611 spots for SRR29492872
Read 2020611 spots for SRR29492872
Written 2020611 spots for SRR29492872
Read 2020611 spots for SRR29492872
Written 2020611 spots for SRR29492872
Read 2020611 spots for SRR29492872
Written 2020611 spots for SRR29492872
Read 2020611 spots for SRR29492872
Written 2020611 spots for SRR29492872
Read 2020611 spots for SRR29492872
Written 2020611 spots for SRR29492872
Read 2020611 spots for SRR29492872
Written 2020611 spots for SRR29492872
Read 2020612 spots for SRR29492872
Written 2020612 spots for SRR29492872
SRR29492872 processed successfully.
Processing SRR29492873...
Read 1767751 spots for SRR29492873
Written 1767751 spots for SRR29492873
Read 1767751 spots for SRR29492873
Written 1767751 spots for SRR29492873
Read 1767751 spots for SRR29492873
Written 1767751 spots for SRR29492873
Read 1767751 spots for SRR29492873
Written 1767751 spots for SRR29492873
Read 1767751 spots for SRR29492873
Written 1767751 spots for SRR29492873
Read 1767751 spots for SRR29492873
Written 1767751 spots for SRR29492873
Read 1767751 spots for SRR29492873
Written 1767751 spots for SRR29492873
Read 1767751 spots for SRR29492873
Written 1767751 spots for SRR29492873
Read 1767751 spots for SRR29492873
Written 1767751 spots for SRR29492873
Read 1767751 spots for SRR29492873
Written 1767751 spots for SRR29492873
Read 1767751 spots for SRR29492873
Written 1767751 spots for SRR29492873
Read 1767751 spots for SRR29492873
Written 1767751 spots for SRR29492873
Read 1767751 spots for SRR29492873
Written 1767751 spots for SRR29492873
Read 1767751 spots for SRR29492873
Written 1767751 spots for SRR29492873
Read 1767751 spots for SRR29492873
Written 1767751 spots for SRR29492873
Read 1767751 spots for SRR29492873
Written 1767751 spots for SRR29492873
Read 1767751 spots for SRR29492873
Written 1767751 spots for SRR29492873
Read 1767751 spots for SRR29492873
Written 1767751 spots for SRR29492873
Read 1767751 spots for SRR29492873
Written 1767751 spots for SRR29492873
Read 1767751 spots for SRR29492873
Written 1767751 spots for SRR29492873
Read 1767751 spots for SRR29492873
Written 1767751 spots for SRR29492873
Read 1767751 spots for SRR29492873
Written 1767751 spots for SRR29492873
Read 1767751 spots for SRR29492873
Written 1767751 spots for SRR29492873
Read 1767751 spots for SRR29492873
Written 1767751 spots for SRR29492873
Read 1767751 spots for SRR29492873
Written 1767751 spots for SRR29492873
Read 1767769 spots for SRR29492873
Written 1767769 spots for SRR29492873
Read 1767751 spots for SRR29492873
Written 1767751 spots for SRR29492873
Read 1767751 spots for SRR29492873
Written 1767751 spots for SRR29492873
Read 1767751 spots for SRR29492873
Written 1767751 spots for SRR29492873
Read 1767751 spots for SRR29492873
Written 1767751 spots for SRR29492873
Read 1767751 spots for SRR29492873
Written 1767751 spots for SRR29492873
Read 1767751 spots for SRR29492873
Written 1767751 spots for SRR29492873
Read 1767751 spots for SRR29492873
Written 1767751 spots for SRR29492873
Read 1767751 spots for SRR29492873
Written 1767751 spots for SRR29492873
Read 1767751 spots for SRR29492873
Written 1767751 spots for SRR29492873
Read 1767751 spots for SRR29492873
Written 1767751 spots for SRR29492873
SRR29492873 processed successfully.
Processing SRR29492874...
Read 1640584 spots for SRR29492874
Written 1640584 spots for SRR29492874
Read 1640584 spots for SRR29492874
Written 1640584 spots for SRR29492874
Read 1640584 spots for SRR29492874
Written 1640584 spots for SRR29492874
Read 1640584 spots for SRR29492874
Written 1640584 spots for SRR29492874
Read 1640584 spots for SRR29492874
Written 1640584 spots for SRR29492874
Read 1640584 spots for SRR29492874
Written 1640584 spots for SRR29492874
Read 1640584 spots for SRR29492874
Written 1640584 spots for SRR29492874
Read 1640584 spots for SRR29492874
Written 1640584 spots for SRR29492874
Read 1640612 spots for SRR29492874
Written 1640612 spots for SRR29492874
Read 1640584 spots for SRR29492874
Written 1640584 spots for SRR29492874
Read 1640584 spots for SRR29492874
Written 1640584 spots for SRR29492874
Read 1640584 spots for SRR29492874
Written 1640584 spots for SRR29492874
Read 1640584 spots for SRR29492874
Written 1640584 spots for SRR29492874
Read 1640584 spots for SRR29492874
Written 1640584 spots for SRR29492874
Read 1640584 spots for SRR29492874
Written 1640584 spots for SRR29492874
Read 1640584 spots for SRR29492874
Written 1640584 spots for SRR29492874
Read 1640584 spots for SRR29492874
Written 1640584 spots for SRR29492874
Read 1640584 spots for SRR29492874
Written 1640584 spots for SRR29492874
Read 1640584 spots for SRR29492874
Written 1640584 spots for SRR29492874
Read 1640584 spots for SRR29492874
Written 1640584 spots for SRR29492874
Read 1640584 spots for SRR29492874
Written 1640584 spots for SRR29492874
Read 1640584 spots for SRR29492874
Written 1640584 spots for SRR29492874
Read 1640584 spots for SRR29492874
Written 1640584 spots for SRR29492874
Read 1640584 spots for SRR29492874
Written 1640584 spots for SRR29492874
Read 1640584 spots for SRR29492874
Written 1640584 spots for SRR29492874
Read 1640584 spots for SRR29492874
Written 1640584 spots for SRR29492874
Read 1640584 spots for SRR29492874
Written 1640584 spots for SRR29492874
Read 1640584 spots for SRR29492874
Written 1640584 spots for SRR29492874
Read 1640584 spots for SRR29492874
Written 1640584 spots for SRR29492874
Read 1640584 spots for SRR29492874
Written 1640584 spots for SRR29492874
Read 1640584 spots for SRR29492874
Written 1640584 spots for SRR29492874
Read 1640584 spots for SRR29492874
Written 1640584 spots for SRR29492874
Read 1640584 spots for SRR29492874
Written 1640584 spots for SRR29492874
Read 1640584 spots for SRR29492874
Written 1640584 spots for SRR29492874
Read 1640584 spots for SRR29492874
Written 1640584 spots for SRR29492874
Read 1640584 spots for SRR29492874
Written 1640584 spots for SRR29492874
SRR29492874 processed successfully.
Processing SRR29492875...
